<?xml version="1.0" encoding="UTF-8"?>
<testsuite name="com.test.senha.ValidadorSenhaTest" time="1.231" tests="19" errors="0" skipped="0" failures="0">
  <properties>
[...]
</properties>
  <testcase name="senhaCPF1Test" classname="com.test.senha.ValidadorSenhaTest" time="0.154"/>
  <testcase name="senhaCPF2Test" classname="com.test.senha.ValidadorSenhaTest" time="0.223"/>
  <testcase name="senhaComEspaco" classname="com.test.senha.ValidadorSenhaTest" time="0.104"/>
  <testcase name="senhaCPF3Test" classname="com.test.senha.ValidadorSenhaTest" time="0.103"/>
  <testcase name="senhaCPF4Test" classname="com.test.senha.ValidadorSenhaTest" time="0.121"/>
  <testcase name="senha1Test" classname="com.test.senha.ValidadorSenhaTest" time="0.09"/>
  <testcase name="senha2Test" classname="com.test.senha.ValidadorSenhaTest" time="0"/>
  <testcase name="senhaVazia" classname="com.test.senha.ValidadorSenhaTest" time="0"/>
  <testcase name="senhaNula" classname="com.test.senha.ValidadorSenhaTest" time="0"/>
  <testcase name="senha3Digitos" classname="com.test.senha.ValidadorSenhaTest" time="0.07"/>
  <testcase name="senhaComAcentos" classname="com.test.senha.ValidadorSenhaTest" time="0.079"/>
  <testcase name="senhaSequenciaLetras" classname="com.test.senha.ValidadorSenhaTest" time="0.025"/>
  <testcase name="senhaSequenciaLetras1" classname="com.test.senha.ValidadorSenhaTest" time="0.023"/>
  <testcase name="senhaComCaracteresEspeciais" classname="com.test.senha.ValidadorSenhaTest" time="0.04"/>
  <testcase name="senhaSequenciaLetrasEnumeros" classname="com.test.senha.ValidadorSenhaTest" time="0.041"/>
  <testcase name="senhaCorreta" classname="com.test.senha.ValidadorSenhaTest" time="0"/>
  <testcase name="senhaCom3CaracteresDistintos" classname="com.test.senha.ValidadorSenhaTest" time="0.068"/>
  <testcase name="senhaComEmail" classname="com.test.senha.ValidadorSenhaTest" time="0.069"/>
  <testcase name="senha4Digitos" classname="com.test.senha.ValidadorSenhaTest" time="0.021"/>
</testsuite>